#
# There is insufficient memory for the Java Runtime Environment to continue.
# Native memory allocation (malloc) failed to allocate 929296 bytes for Chunk::new
# Possible reasons:
#   The system is out of physical RAM or swap space
#   The process is running with CompressedOops enabled, and the Java Heap may be blocking the growth of the native heap
# Possible solutions:
#   Reduce memory load on the system
#   Increase physical memory or swap space
#   Check if swap backing store is full
#   Decrease Java heap size (-Xmx/-Xms)
#   Decrease number of Java threads
#   Decrease Java thread stack sizes (-Xss)
#   Set larger code cache with -XX:ReservedCodeCacheSize=
#   JVM is running with Zero Based Compressed Oops mode in which the Java heap is
#     placed in the first 32GB address space. The Java Heap base address is the
#     maximum limit for the native heap growth. Please use -XX:HeapBaseMinAddress
#     to set the Java Heap base and to place the Java Heap above 32GB virtual address.
# This output file may be truncated or incomplete.
#
#  Out of Memory Error (arena.cpp:195), pid=15600, tid=7108
#
# JRE version: OpenJDK Runtime Environment (16.0.1+9) (build 16.0.1+9-24)
# Java VM: OpenJDK 64-Bit Server VM (16.0.1+9-24, mixed mode, tiered, compressed oops, compressed class ptrs, g1 gc, windows-amd64)
# No core dump will be written. Minidumps are not enabled by default on client versions of Windows
#

---------------  S U M M A R Y ------------

Command Line: -Dfile.encoding=UTF-8 -XX:+ShowCodeDetailsInExceptionMessages com.bitcoinprice.analytics.DemoApplication

Host: AMD Ryzen 7 1700 Eight-Core Processor          , 16 cores, 31G,  Windows 10 , 64 bit Build 19041 (10.0.19041.1741)
Time: Fri Jun 24 03:26:34 2022 GMT Summer Time elapsed time: 272.753315 seconds (0d 0h 4m 32s)

---------------  T H R E A D  ---------------

Current thread (0x0000022db44baa50):  JavaThread "C2 CompilerThread0" daemon [_thread_in_native, id=7108, stack(0x00000051d9500000,0x00000051d9600000)]


Current CompileTask:
C2: 272753 10525   !   4       org.apache.tomcat.util.net.AbstractEndpoint::processSocket (148 bytes)

Stack: [0x00000051d9500000,0x00000051d9600000]
Native frames: (J=compiled Java code, j=interpreted, Vv=VM code, C=native code)
V  [jvm.dll+0x6687ca]
V  [jvm.dll+0x7ca3c9]
V  [jvm.dll+0x7cbb53]
V  [jvm.dll+0x7cc1b3]
V  [jvm.dll+0x242ea5]
V  [jvm.dll+0xadeca]
V  [jvm.dll+0xae5ac]
V  [jvm.dll+0x35aed2]
V  [jvm.dll+0x3253d1]
V  [jvm.dll+0x32487a]
V  [jvm.dll+0x215f3c]
V  [jvm.dll+0x215350]
V  [jvm.dll+0x1a1d9b]
V  [jvm.dll+0x2253a8]
V  [jvm.dll+0x2233ec]
V  [jvm.dll+0x780002]
V  [jvm.dll+0x779b4a]
V  [jvm.dll+0x667666]
C  [ucrtbase.dll+0x21bb2]
C  [KERNEL32.DLL+0x17034]
C  [ntdll.dll+0x52651]


---------------  P R O C E S S  ---------------

Threads class SMR info:
_java_thread_list=0x0000022dbb15baa0, length=29, elements={
0x0000022db4455ec0, 0x0000022db44571a0, 0x0000022db4473520, 0x0000022db4473a40,
0x0000022db4474450, 0x0000022db44b7030, 0x0000022db44baa50, 0x0000022db44c4fb0,
0x0000022db44cd500, 0x0000022db4628e20, 0x0000022db4632010, 0x0000022db90a3570,
0x0000022dbfd41020, 0x0000022dbfd41950, 0x0000022db926e020, 0x0000022dbbe4b050,
0x0000022db679ce10, 0x0000022db679f340, 0x0000022db67a0330, 0x0000022db679e350,
0x0000022db679d360, 0x0000022db679e8a0, 0x0000022db679d8b0, 0x0000022db68514d0,
0x0000022db6854f40, 0x0000022db6855f30, 0x0000022db68559e0, 0x0000022db68569d0,
0x0000022db68549f0
}

Java Threads: ( => current thread )
  0x0000022db4455ec0 JavaThread "Reference Handler" daemon [_thread_blocked, id=13412, stack(0x00000051d8f00000,0x00000051d9000000)]
  0x0000022db44571a0 JavaThread "Finalizer" daemon [_thread_blocked, id=19084, stack(0x00000051d9000000,0x00000051d9100000)]
  0x0000022db4473520 JavaThread "Signal Dispatcher" daemon [_thread_blocked, id=10184, stack(0x00000051d9100000,0x00000051d9200000)]
  0x0000022db4473a40 JavaThread "Attach Listener" daemon [_thread_blocked, id=20396, stack(0x00000051d9200000,0x00000051d9300000)]
  0x0000022db4474450 JavaThread "Service Thread" daemon [_thread_blocked, id=21948, stack(0x00000051d9300000,0x00000051d9400000)]
  0x0000022db44b7030 JavaThread "Monitor Deflation Thread" daemon [_thread_blocked, id=2964, stack(0x00000051d9400000,0x00000051d9500000)]
=>0x0000022db44baa50 JavaThread "C2 CompilerThread0" daemon [_thread_in_native, id=7108, stack(0x00000051d9500000,0x00000051d9600000)]
  0x0000022db44c4fb0 JavaThread "C1 CompilerThread0" daemon [_thread_blocked, id=14528, stack(0x00000051d9600000,0x00000051d9700000)]
  0x0000022db44cd500 JavaThread "Sweeper thread" daemon [_thread_blocked, id=20436, stack(0x00000051d9700000,0x00000051d9800000)]
  0x0000022db4628e20 JavaThread "Notification Thread" daemon [_thread_blocked, id=2860, stack(0x00000051d9a00000,0x00000051d9b00000)]
  0x0000022db4632010 JavaThread "Common-Cleaner" daemon [_thread_blocked, id=20992, stack(0x00000051d9c00000,0x00000051d9d00000)]
  0x0000022db90a3570 JavaThread "Catalina-utility-1" [_thread_blocked, id=17124, stack(0x00000051db200000,0x00000051db300000)]
  0x0000022dbfd41020 JavaThread "Catalina-utility-2" [_thread_blocked, id=22052, stack(0x00000051db300000,0x00000051db400000)]
  0x0000022dbfd41950 JavaThread "container-0" [_thread_blocked, id=6588, stack(0x00000051db400000,0x00000051db500000)]
  0x0000022db926e020 JavaThread "cluster-ClusterId{value='62b51fce575e53585642bf46', description='null'}-localhost:27017" daemon [_thread_in_native, id=15532, stack(0x00000051db500000,0x00000051db600000)]
  0x0000022dbbe4b050 JavaThread "cluster-rtt-ClusterId{value='62b51fce575e53585642bf46', description='null'}-localhost:27017" daemon [_thread_blocked, id=784, stack(0x00000051db600000,0x00000051db700000)]
  0x0000022db679ce10 JavaThread "http-nio-8080-Poller" daemon [_thread_in_native, id=1808, stack(0x00000051db800000,0x00000051db900000)]
  0x0000022db679f340 JavaThread "http-nio-8080-Acceptor" daemon [_thread_in_native, id=22312, stack(0x00000051db900000,0x00000051dba00000)]
  0x0000022db67a0330 JavaThread "DestroyJavaVM" [_thread_blocked, id=21580, stack(0x00000051d8800000,0x00000051d8900000)]
  0x0000022db679e350 JavaThread "http-nio-8080-exec-1" daemon [_thread_blocked, id=2368, stack(0x00000051d9d00000,0x00000051d9e00000)]
  0x0000022db679d360 JavaThread "http-nio-8080-exec-2" daemon [_thread_blocked, id=15408, stack(0x00000051d8500000,0x00000051d8600000)]
  0x0000022db679e8a0 JavaThread "http-nio-8080-exec-3" daemon [_thread_blocked, id=7444, stack(0x00000051d8600000,0x00000051d8700000)]
  0x0000022db679d8b0 JavaThread "http-nio-8080-exec-4" daemon [_thread_blocked, id=4984, stack(0x00000051d8700000,0x00000051d8800000)]
  0x0000022db68514d0 JavaThread "http-nio-8080-exec-5" daemon [_thread_blocked, id=20740, stack(0x00000051d9f00000,0x00000051da000000)]
  0x0000022db6854f40 JavaThread "http-nio-8080-exec-6" daemon [_thread_blocked, id=20388, stack(0x00000051dab00000,0x00000051dac00000)]
  0x0000022db6855f30 JavaThread "http-nio-8080-exec-7" daemon [_thread_blocked, id=9312, stack(0x00000051db000000,0x00000051db100000)]
  0x0000022db68559e0 JavaThread "http-nio-8080-exec-8" daemon [_thread_blocked, id=20932, stack(0x00000051dba00000,0x00000051dbb00000)]
  0x0000022db68569d0 JavaThread "http-nio-8080-exec-9" daemon [_thread_blocked, id=7872, stack(0x00000051dbc00000,0x00000051dbd00000)]
  0x0000022db68549f0 JavaThread "http-nio-8080-exec-10" daemon [_thread_blocked, id=20420, stack(0x00000051dbd00000,0x00000051dbe00000)]

Other Threads:
  0x0000022db44545e0 VMThread "VM Thread" [stack: 0x00000051d8e00000,0x00000051d8f00000] [id=16416]
  0x0000022db462bb60 WatcherThread [stack: 0x00000051d9b00000,0x00000051d9c00000] [id=2884]
  0x0000022d8ae1d460 GCTaskThread "GC Thread#0" [stack: 0x00000051d8900000,0x00000051d8a00000] [id=7908]
  0x0000022db5c94b50 GCTaskThread "GC Thread#1" [stack: 0x00000051d9e00000,0x00000051d9f00000] [id=11212]
  0x0000022db5ce8600 GCTaskThread "GC Thread#2" [stack: 0x00000051da000000,0x00000051da100000] [id=6352]
  0x0000022db5c91ea0 GCTaskThread "GC Thread#3" [stack: 0x00000051da100000,0x00000051da200000] [id=12064]
  0x0000022db5d13a40 GCTaskThread "GC Thread#4" [stack: 0x00000051da200000,0x00000051da300000] [id=2332]
  0x0000022db5d13d50 GCTaskThread "GC Thread#5" [stack: 0x00000051da300000,0x00000051da400000] [id=7696]
  0x0000022db5d14870 GCTaskThread "GC Thread#6" [stack: 0x00000051da400000,0x00000051da500000] [id=8736]
  0x0000022db5d14f90 GCTaskThread "GC Thread#7" [stack: 0x00000051da500000,0x00000051da600000] [id=13296]
  0x0000022db5d23b80 GCTaskThread "GC Thread#8" [stack: 0x00000051da600000,0x00000051da700000] [id=15556]
  0x0000022db5d242a0 GCTaskThread "GC Thread#9" [stack: 0x00000051da700000,0x00000051da800000] [id=21400]
  0x0000022db5d249c0 GCTaskThread "GC Thread#10" [stack: 0x00000051da800000,0x00000051da900000] [id=13204]
  0x0000022db5d24cd0 GCTaskThread "GC Thread#11" [stack: 0x00000051da900000,0x00000051daa00000] [id=19632]
  0x0000022db7989e60 GCTaskThread "GC Thread#12" [stack: 0x00000051daf00000,0x00000051db000000] [id=10676]
  0x0000022d8ae2f950 ConcurrentGCThread "G1 Main Marker" [stack: 0x00000051d8a00000,0x00000051d8b00000] [id=11672]
  0x0000022d8ae30fe0 ConcurrentGCThread "G1 Conc#0" [stack: 0x00000051d8b00000,0x00000051d8c00000] [id=11408]
  0x0000022db798b0c0 ConcurrentGCThread "G1 Conc#1" [stack: 0x00000051dac00000,0x00000051dad00000] [id=19524]
  0x0000022db798aaa0 ConcurrentGCThread "G1 Conc#2" [stack: 0x00000051dad00000,0x00000051dae00000] [id=10540]
  0x0000022db3aa1160 ConcurrentGCThread "G1 Refine#0" [stack: 0x00000051d8c00000,0x00000051d8d00000] [id=6488]
  0x0000022db896d120 ConcurrentGCThread "G1 Refine#1" [stack: 0x00000051daa00000,0x00000051dab00000] [id=18092]
  0x0000022db3aa2800 ConcurrentGCThread "G1 Service" [stack: 0x00000051d8d00000,0x00000051d8e00000] [id=18496]

Threads with active compile tasks:
C2 CompilerThread0   272781 10525   !   4       org.apache.tomcat.util.net.AbstractEndpoint::processSocket (148 bytes)

VM state: not at safepoint (normal execution)

VM Mutex/Monitor currently owned by a thread: None

Heap address: 0x0000000600c00000, size: 8180 MB, Compressed Oops mode: Zero based, Oop shift amount: 3

CDS disabled.
Compressed class space mapped at: 0x0000000800000000-0x0000000840000000, reserved size: 1073741824
Narrow klass base: 0x0000000800000000, Narrow klass shift: 0, Narrow klass range: 0x40000000

GC Precious Log:
 CPUs: 16 total, 16 available
 Memory: 32714M
 Large Page Support: Disabled
 NUMA Support: Disabled
 Compressed Oops: Enabled (Zero based)
 Heap Region Size: 4M
 Heap Min Capacity: 8M
 Heap Initial Capacity: 512M
 Heap Max Capacity: 8180M
 Pre-touch: Disabled
 Parallel Workers: 13
 Concurrent Workers: 3
 Concurrent Refinement Workers: 13
 Periodic GC: Disabled

Heap:
 garbage-first heap   total 290816K, used 80813K [0x0000000600c00000, 0x0000000800000000)
  region size 4096K, 16 young (65536K), 1 survivors (4096K)
 Metaspace       used 56038K, committed 56448K, reserved 1105920K
  class space    used 6406K, committed 6592K, reserved 1048576K

Heap Regions: E=young(eden), S=young(survivor), O=old, HS=humongous(starts), HC=humongous(continues), CS=collection set, F=free, OA=open archive, CA=closed archive, TAMS=top-at-mark-start (previous, next)
|   0|0x0000000600c00000, 0x0000000601000000, 0x0000000601000000|100%| O|  |TAMS 0x0000000601000000, 0x0000000600c00000| Untracked 
|   1|0x0000000601000000, 0x0000000601200e00, 0x0000000601400000| 50%| O|  |TAMS 0x0000000601200e00, 0x0000000601000000| Untracked 
|   2|0x0000000601400000, 0x0000000601800000, 0x0000000601800000|100%| O|  |TAMS 0x0000000601800000, 0x0000000601400000| Untracked 
|   3|0x0000000601800000, 0x0000000601c00000, 0x0000000601c00000|100%| O|  |TAMS 0x0000000601b52a00, 0x0000000601800000| Untracked 
|   4|0x0000000601c00000, 0x0000000602000000, 0x0000000602000000|100%| O|  |TAMS 0x0000000601c00000, 0x0000000601c00000| Untracked 
|   5|0x0000000602000000, 0x0000000602400000, 0x0000000602400000|100%| O|  |TAMS 0x0000000602000000, 0x0000000602000000| Untracked 
|   6|0x0000000602400000, 0x00000006024ca800, 0x0000000602800000| 19%| O|  |TAMS 0x0000000602400000, 0x0000000602400000| Untracked 
|   7|0x0000000602800000, 0x0000000602800000, 0x0000000602c00000|  0%| F|  |TAMS 0x0000000602800000, 0x0000000602800000| Untracked 
|   8|0x0000000602c00000, 0x0000000602c00000, 0x0000000603000000|  0%| F|  |TAMS 0x0000000602c00000, 0x0000000602c00000| Untracked 
|   9|0x0000000603000000, 0x0000000603000000, 0x0000000603400000|  0%| F|  |TAMS 0x0000000603000000, 0x0000000603000000| Untracked 
|  10|0x0000000603400000, 0x0000000603400000, 0x0000000603800000|  0%| F|  |TAMS 0x0000000603400000, 0x0000000603400000| Untracked 
|  11|0x0000000603800000, 0x0000000603800000, 0x0000000603c00000|  0%| F|  |TAMS 0x0000000603800000, 0x0000000603800000| Untracked 
|  12|0x0000000603c00000, 0x0000000603c00000, 0x0000000604000000|  0%| F|  |TAMS 0x0000000603c00000, 0x0000000603c00000| Untracked 
|  13|0x0000000604000000, 0x0000000604000000, 0x0000000604400000|  0%| F|  |TAMS 0x0000000604000000, 0x0000000604000000| Untracked 
|  14|0x0000000604400000, 0x0000000604400000, 0x0000000604800000|  0%| F|  |TAMS 0x0000000604400000, 0x0000000604400000| Untracked 
|  15|0x0000000604800000, 0x0000000604800000, 0x0000000604c00000|  0%| F|  |TAMS 0x0000000604800000, 0x0000000604800000| Untracked 
|  16|0x0000000604c00000, 0x0000000604c00000, 0x0000000605000000|  0%| F|  |TAMS 0x0000000604c00000, 0x0000000604c00000| Untracked 
|  17|0x0000000605000000, 0x0000000605000000, 0x0000000605400000|  0%| F|  |TAMS 0x0000000605000000, 0x0000000605000000| Untracked 
|  18|0x0000000605400000, 0x0000000605400000, 0x0000000605800000|  0%| F|  |TAMS 0x0000000605400000, 0x0000000605400000| Untracked 
|  19|0x0000000605800000, 0x0000000605800000, 0x0000000605c00000|  0%| F|  |TAMS 0x0000000605800000, 0x0000000605800000| Untracked 
|  20|0x0000000605c00000, 0x0000000605c00000, 0x0000000606000000|  0%| F|  |TAMS 0x0000000605c00000, 0x0000000605c00000| Untracked 
|  21|0x0000000606000000, 0x0000000606000000, 0x0000000606400000|  0%| F|  |TAMS 0x0000000606000000, 0x0000000606000000| Untracked 
|  22|0x0000000606400000, 0x0000000606400000, 0x0000000606800000|  0%| F|  |TAMS 0x0000000606400000, 0x0000000606400000| Untracked 
|  23|0x0000000606800000, 0x0000000606800000, 0x0000000606c00000|  0%| F|  |TAMS 0x0000000606800000, 0x0000000606800000| Untracked 
|  24|0x0000000606c00000, 0x0000000606c00000, 0x0000000607000000|  0%| F|  |TAMS 0x0000000606c00000, 0x0000000606c00000| Untracked 
|  25|0x0000000607000000, 0x0000000607000000, 0x0000000607400000|  0%| F|  |TAMS 0x0000000607000000, 0x0000000607000000| Untracked 
|  26|0x0000000607400000, 0x0000000607400000, 0x0000000607800000|  0%| F|  |TAMS 0x0000000607400000, 0x0000000607400000| Untracked 
|  27|0x0000000607800000, 0x0000000607800000, 0x0000000607c00000|  0%| F|  |TAMS 0x0000000607800000, 0x0000000607800000| Untracked 
|  28|0x0000000607c00000, 0x0000000607c00000, 0x0000000608000000|  0%| F|  |TAMS 0x0000000607c00000, 0x0000000607c00000| Untracked 
|  29|0x0000000608000000, 0x000000060801ffd0, 0x0000000608400000|  3%| S|CS|TAMS 0x0000000608000000, 0x0000000608000000| Complete 
|  30|0x0000000608400000, 0x0000000608400000, 0x0000000608800000|  0%| F|  |TAMS 0x0000000608400000, 0x0000000608400000| Untracked 
|  31|0x0000000608800000, 0x0000000608800000, 0x0000000608c00000|  0%| F|  |TAMS 0x0000000608800000, 0x0000000608800000| Untracked 
|  32|0x0000000608c00000, 0x0000000608c00000, 0x0000000609000000|  0%| F|  |TAMS 0x0000000608c00000, 0x0000000608c00000| Untracked 
|  33|0x0000000609000000, 0x0000000609000000, 0x0000000609400000|  0%| F|  |TAMS 0x0000000609000000, 0x0000000609000000| Untracked 
|  34|0x0000000609400000, 0x0000000609400000, 0x0000000609800000|  0%| F|  |TAMS 0x0000000609400000, 0x0000000609400000| Untracked 
|  35|0x0000000609800000, 0x0000000609800000, 0x0000000609c00000|  0%| F|  |TAMS 0x0000000609800000, 0x0000000609800000| Untracked 
|  36|0x0000000609c00000, 0x0000000609c00000, 0x000000060a000000|  0%| F|  |TAMS 0x0000000609c00000, 0x0000000609c00000| Untracked 
|  37|0x000000060a000000, 0x000000060a000000, 0x000000060a400000|  0%| F|  |TAMS 0x000000060a000000, 0x000000060a000000| Untracked 
|  38|0x000000060a400000, 0x000000060a400000, 0x000000060a800000|  0%| F|  |TAMS 0x000000060a400000, 0x000000060a400000| Untracked 
|  39|0x000000060a800000, 0x000000060a800000, 0x000000060ac00000|  0%| F|  |TAMS 0x000000060a800000, 0x000000060a800000| Untracked 
|  40|0x000000060ac00000, 0x000000060ac00000, 0x000000060b000000|  0%| F|  |TAMS 0x000000060ac00000, 0x000000060ac00000| Untracked 
|  41|0x000000060b000000, 0x000000060b000000, 0x000000060b400000|  0%| F|  |TAMS 0x000000060b000000, 0x000000060b000000| Untracked 
|  42|0x000000060b400000, 0x000000060b400000, 0x000000060b800000|  0%| F|  |TAMS 0x000000060b400000, 0x000000060b400000| Untracked 
|  43|0x000000060b800000, 0x000000060b800000, 0x000000060bc00000|  0%| F|  |TAMS 0x000000060b800000, 0x000000060b800000| Untracked 
|  44|0x000000060bc00000, 0x000000060bc00000, 0x000000060c000000|  0%| F|  |TAMS 0x000000060bc00000, 0x000000060bc00000| Untracked 
|  45|0x000000060c000000, 0x000000060c000000, 0x000000060c400000|  0%| F|  |TAMS 0x000000060c000000, 0x000000060c000000| Untracked 
|  46|0x000000060c400000, 0x000000060c400000, 0x000000060c800000|  0%| F|  |TAMS 0x000000060c400000, 0x000000060c400000| Untracked 
|  47|0x000000060c800000, 0x000000060c800000, 0x000000060cc00000|  0%| F|  |TAMS 0x000000060c800000, 0x000000060c800000| Untracked 
|  48|0x000000060cc00000, 0x000000060cc00000, 0x000000060d000000|  0%| F|  |TAMS 0x000000060cc00000, 0x000000060cc00000| Untracked 
|  49|0x000000060d000000, 0x000000060d000000, 0x000000060d400000|  0%| F|  |TAMS 0x000000060d000000, 0x000000060d000000| Untracked 
|  50|0x000000060d400000, 0x000000060d400000, 0x000000060d800000|  0%| F|  |TAMS 0x000000060d400000, 0x000000060d400000| Untracked 
|  51|0x000000060d800000, 0x000000060d800000, 0x000000060dc00000|  0%| F|  |TAMS 0x000000060d800000, 0x000000060d800000| Untracked 
|  52|0x000000060dc00000, 0x000000060dc00000, 0x000000060e000000|  0%| F|  |TAMS 0x000000060dc00000, 0x000000060dc00000| Untracked 
|  53|0x000000060e000000, 0x000000060e000000, 0x000000060e400000|  0%| F|  |TAMS 0x000000060e000000, 0x000000060e000000| Untracked 
|  54|0x000000060e400000, 0x000000060e400000, 0x000000060e800000|  0%| F|  |TAMS 0x000000060e400000, 0x000000060e400000| Untracked 
|  55|0x000000060e800000, 0x000000060e800000, 0x000000060ec00000|  0%| F|  |TAMS 0x000000060e800000, 0x000000060e800000| Untracked 
|  56|0x000000060ec00000, 0x000000060ec52d20, 0x000000060f000000|  8%| E|  |TAMS 0x000000060ec00000, 0x000000060ec00000| Complete 
|  57|0x000000060f000000, 0x000000060f400000, 0x000000060f400000|100%| E|CS|TAMS 0x000000060f000000, 0x000000060f000000| Complete 
|  58|0x000000060f400000, 0x000000060f800000, 0x000000060f800000|100%| E|CS|TAMS 0x000000060f400000, 0x000000060f400000| Complete 
|  59|0x000000060f800000, 0x000000060fc00000, 0x000000060fc00000|100%| E|CS|TAMS 0x000000060f800000, 0x000000060f800000| Complete 
|  60|0x000000060fc00000, 0x0000000610000000, 0x0000000610000000|100%| E|CS|TAMS 0x000000060fc00000, 0x000000060fc00000| Complete 
|  61|0x0000000610000000, 0x0000000610400000, 0x0000000610400000|100%| E|CS|TAMS 0x0000000610000000, 0x0000000610000000| Complete 
|  62|0x0000000610400000, 0x0000000610800000, 0x0000000610800000|100%| E|CS|TAMS 0x0000000610400000, 0x0000000610400000| Complete 
|  63|0x0000000610800000, 0x0000000610c00000, 0x0000000610c00000|100%| E|CS|TAMS 0x0000000610800000, 0x0000000610800000| Complete 
|  64|0x0000000610c00000, 0x0000000611000000, 0x0000000611000000|100%| E|CS|TAMS 0x0000000610c00000, 0x0000000610c00000| Complete 
|  65|0x0000000611000000, 0x0000000611400000, 0x0000000611400000|100%| E|CS|TAMS 0x0000000611000000, 0x0000000611000000| Complete 
|  66|0x0000000611400000, 0x0000000611800000, 0x0000000611800000|100%| E|CS|TAMS 0x0000000611400000, 0x0000000611400000| Complete 
|  67|0x0000000611800000, 0x0000000611c00000, 0x0000000611c00000|100%| E|CS|TAMS 0x0000000611800000, 0x0000000611800000| Complete 
|  68|0x0000000611c00000, 0x0000000612000000, 0x0000000612000000|100%| E|CS|TAMS 0x0000000611c00000, 0x0000000611c00000| Complete 
| 125|0x0000000620000000, 0x0000000620400000, 0x0000000620400000|100%| E|CS|TAMS 0x0000000620000000, 0x0000000620000000| Complete 
| 127|0x0000000620800000, 0x0000000620c00000, 0x0000000620c00000|100%| E|CS|TAMS 0x0000000620800000, 0x0000000620800000| Complete 

Card table byte_map: [0x0000022d9eba0000,0x0000022d9fba0000] _byte_map_base: 0x0000022d9bb9a000

Marking Bits (Prev, Next): (CMBitMap*) 0x0000022d8ae1eba0, (CMBitMap*) 0x0000022d8ae1eb60
 Prev Bits: [0x0000022da8b70000, 0x0000022db0b40000)
 Next Bits: [0x0000022da0ba0000, 0x0000022da8b70000)

Polling page: 0x0000022d8a580000

Metaspace:

Usage:
  Non-class:     48.47 MB used.
      Class:      6.26 MB used.
       Both:     54.73 MB used.

Virtual space:
  Non-class space:       56.00 MB reserved,      48.69 MB ( 87%) committed,  7 nodes.
      Class space:        1.00 GB reserved,       6.44 MB ( <1%) committed,  1 nodes.
              Both:        1.05 GB reserved,      55.12 MB (  5%) committed. 

Chunk freelists:
   Non-Class:  2.73 MB
       Class:  1.58 MB
        Both:  4.31 MB

MaxMetaspaceSize: 17179869184.00 GB
CompressedClassSpaceSize: 1.00 GB
 - commit_granule_bytes: 65536.
 - commit_granule_words: 8192.
 - virtual_space_node_default_size: 1048576.
 - enlarge_chunks_in_place: 1.
 - new_chunks_are_fully_committed: 0.
 - uncommit_free_chunks: 1.
 - use_allocation_guard: 0.
 - handle_deallocations: 1.


Internal statistics:

num_allocs_failed_limit: 11.
num_arena_births: 486.
num_arena_deaths: 0.
num_vsnodes_births: 8.
num_vsnodes_deaths: 0.
num_space_committed: 882.
num_space_uncommitted: 0.
num_chunks_returned_to_freelist: 11.
num_chunks_taken_from_freelist: 2176.
num_chunk_merges: 5.
num_chunk_splits: 1484.
num_chunks_enlarged: 1115.
num_purges: 0.

CodeHeap 'non-profiled nmethods': size=119168Kb used=9875Kb max_used=9875Kb free=109292Kb
 bounds [0x0000022d95eb0000, 0x0000022d96860000, 0x0000022d9d310000]
CodeHeap 'profiled nmethods': size=119104Kb used=15256Kb max_used=20002Kb free=103847Kb
 bounds [0x0000022d8ea60000, 0x0000022d8fdf0000, 0x0000022d95eb0000]
CodeHeap 'non-nmethods': size=7488Kb used=1246Kb max_used=3061Kb free=6241Kb
 bounds [0x0000022d8e310000, 0x0000022d8e620000, 0x0000022d8ea60000]
 total_blobs=8860 nmethods=8313 adapters=459
 compilation: enabled
              stopped_count=0, restarted_count=0
 full_count=0

Compilation events (20 events):
Event: 254.696 Thread 0x0000022db44baa50 nmethod 10515 0x0000022d96853c90 code [0x0000022d96853e20, 0x0000022d96853eb8]
Event: 258.285 Thread 0x0000022db44baa50 10516       4       org.springframework.data.util.Lazy::of (9 bytes)
Event: 258.286 Thread 0x0000022db44baa50 nmethod 10516 0x0000022d96853f90 code [0x0000022d96854120, 0x0000022d968541f8]
Event: 259.331 Thread 0x0000022db44c4fb0 10517       3       java.util.concurrent.ConcurrentLinkedQueue::poll (84 bytes)
Event: 259.334 Thread 0x0000022db44c4fb0 nmethod 10517 0x0000022d8f8cf290 code [0x0000022d8f8cf920, 0x0000022d8f8d3668]
Event: 260.339 Thread 0x0000022db44c4fb0 10518   !   3       org.apache.tomcat.util.net.AbstractEndpoint::processSocket (148 bytes)
Event: 260.340 Thread 0x0000022db44c4fb0 nmethod 10518 0x0000022d8f7b1310 code [0x0000022d8f7b16a0, 0x0000022d8f7b34e8]
Event: 262.036 Thread 0x0000022db44c4fb0 10519       3       org.apache.coyote.AbstractProtocol$$Lambda$957/0x00000008005ce208::run (8 bytes)
Event: 262.036 Thread 0x0000022db44c4fb0 nmethod 10519 0x0000022d8f2f3890 code [0x0000022d8f2f3a40, 0x0000022d8f2f3b88]
Event: 262.036 Thread 0x0000022db44c4fb0 10520       3       org.apache.coyote.AbstractProtocol::lambda$startAsyncTimeout$1 (46 bytes)
Event: 262.037 Thread 0x0000022db44c4fb0 nmethod 10520 0x0000022d8ed61810 code [0x0000022d8ed61a00, 0x0000022d8ed62018]
Event: 262.356 Thread 0x0000022db44c4fb0 10521       3       java.lang.invoke.VarHandleReferences$FieldInstanceReadWrite::weakCompareAndSet (48 bytes)
Event: 262.357 Thread 0x0000022db44c4fb0 nmethod 10521 0x0000022d8eaf9e10 code [0x0000022d8eafa080, 0x0000022d8eafaad8]
Event: 266.423 Thread 0x0000022db44c4fb0 10522       3       java.text.DateFormatSymbols::<init> (60 bytes)
Event: 266.423 Thread 0x0000022db44c4fb0 nmethod 10522 0x0000022d8f46ec10 code [0x0000022d8f46ede0, 0x0000022d8f46f148]
Event: 268.160 Thread 0x0000022db44baa50 10523       4       java.util.concurrent.locks.AbstractQueuedSynchronizer$ConditionObject::signal (34 bytes)
Event: 268.172 Thread 0x0000022db44baa50 nmethod 10523 0x0000022d96854290 code [0x0000022d96854420, 0x0000022d96854ab8]
Event: 272.369 Thread 0x0000022db44c4fb0 10524 % !   3       org.apache.tomcat.util.threads.ThreadPoolExecutor::runWorker @ 21 (187 bytes)
Event: 272.371 Thread 0x0000022db44c4fb0 nmethod 10524% 0x0000022d8eb55a90 code [0x0000022d8eb55e00, 0x0000022d8eb57538]
Event: 272.714 Thread 0x0000022db44baa50 10525   !   4       org.apache.tomcat.util.net.AbstractEndpoint::processSocket (148 bytes)

GC Heap History (20 events):
Event: 246.388 GC heap before
{Heap before GC invocations=61 (full 0):
 garbage-first heap   total 290816K, used 191342K [0x0000000600c00000, 0x0000000800000000)
  region size 4096K, 42 young (172032K), 1 survivors (4096K)
 Metaspace       used 56030K, committed 56384K, reserved 1105920K
  class space    used 6406K, committed 6592K, reserved 1048576K
}
Event: 246.389 GC heap after
{Heap after GC invocations=62 (full 0):
 garbage-first heap   total 290816K, used 23438K [0x0000000600c00000, 0x0000000800000000)
  region size 4096K, 1 young (4096K), 1 survivors (4096K)
 Metaspace       used 56030K, committed 56384K, reserved 1105920K
  class space    used 6406K, committed 6592K, reserved 1048576K
}
Event: 248.599 GC heap before
{Heap before GC invocations=62 (full 0):
 garbage-first heap   total 290816K, used 191374K [0x0000000600c00000, 0x0000000800000000)
  region size 4096K, 42 young (172032K), 1 survivors (4096K)
 Metaspace       used 56030K, committed 56384K, reserved 1105920K
  class space    used 6406K, committed 6592K, reserved 1048576K
}
Event: 248.600 GC heap after
{Heap after GC invocations=63 (full 0):
 garbage-first heap   total 290816K, used 23356K [0x0000000600c00000, 0x0000000800000000)
  region size 4096K, 1 young (4096K), 1 survivors (4096K)
 Metaspace       used 56030K, committed 56384K, reserved 1105920K
  class space    used 6406K, committed 6592K, reserved 1048576K
}
Event: 250.770 GC heap before
{Heap before GC invocations=63 (full 0):
 garbage-first heap   total 290816K, used 191292K [0x0000000600c00000, 0x0000000800000000)
  region size 4096K, 42 young (172032K), 1 survivors (4096K)
 Metaspace       used 56031K, committed 56384K, reserved 1105920K
  class space    used 6406K, committed 6592K, reserved 1048576K
}
Event: 250.771 GC heap after
{Heap after GC invocations=64 (full 0):
 garbage-first heap   total 290816K, used 23414K [0x0000000600c00000, 0x0000000800000000)
  region size 4096K, 1 young (4096K), 1 survivors (4096K)
 Metaspace       used 56031K, committed 56384K, reserved 1105920K
  class space    used 6406K, committed 6592K, reserved 1048576K
}
Event: 253.173 GC heap before
{Heap before GC invocations=64 (full 0):
 garbage-first heap   total 290816K, used 191350K [0x0000000600c00000, 0x0000000800000000)
  region size 4096K, 42 young (172032K), 1 survivors (4096K)
 Metaspace       used 56031K, committed 56384K, reserved 1105920K
  class space    used 6406K, committed 6592K, reserved 1048576K
}
Event: 253.174 GC heap after
{Heap after GC invocations=65 (full 0):
 garbage-first heap   total 290816K, used 23352K [0x0000000600c00000, 0x0000000800000000)
  region size 4096K, 1 young (4096K), 1 survivors (4096K)
 Metaspace       used 56031K, committed 56384K, reserved 1105920K
  class space    used 6406K, committed 6592K, reserved 1048576K
}
Event: 255.811 GC heap before
{Heap before GC invocations=65 (full 0):
 garbage-first heap   total 290816K, used 191288K [0x0000000600c00000, 0x0000000800000000)
  region size 4096K, 42 young (172032K), 1 survivors (4096K)
 Metaspace       used 56031K, committed 56384K, reserved 1105920K
  class space    used 6406K, committed 6592K, reserved 1048576K
}
Event: 255.812 GC heap after
{Heap after GC invocations=66 (full 0):
 garbage-first heap   total 290816K, used 23399K [0x0000000600c00000, 0x0000000800000000)
  region size 4096K, 1 young (4096K), 1 survivors (4096K)
 Metaspace       used 56031K, committed 56384K, reserved 1105920K
  class space    used 6406K, committed 6592K, reserved 1048576K
}
Event: 258.284 GC heap before
{Heap before GC invocations=66 (full 0):
 garbage-first heap   total 290816K, used 191335K [0x0000000600c00000, 0x0000000800000000)
  region size 4096K, 42 young (172032K), 1 survivors (4096K)
 Metaspace       used 56031K, committed 56384K, reserved 1105920K
  class space    used 6406K, committed 6592K, reserved 1048576K
}
Event: 258.285 GC heap after
{Heap after GC invocations=67 (full 0):
 garbage-first heap   total 290816K, used 23450K [0x0000000600c00000, 0x0000000800000000)
  region size 4096K, 1 young (4096K), 1 survivors (4096K)
 Metaspace       used 56031K, committed 56384K, reserved 1105920K
  class space    used 6406K, committed 6592K, reserved 1048576K
}
Event: 261.772 GC heap before
{Heap before GC invocations=67 (full 0):
 garbage-first heap   total 290816K, used 191386K [0x0000000600c00000, 0x0000000800000000)
  region size 4096K, 42 young (172032K), 1 survivors (4096K)
 Metaspace       used 56034K, committed 56384K, reserved 1105920K
  class space    used 6406K, committed 6592K, reserved 1048576K
}
Event: 261.772 GC heap after
{Heap after GC invocations=68 (full 0):
 garbage-first heap   total 290816K, used 23377K [0x0000000600c00000, 0x0000000800000000)
  region size 4096K, 1 young (4096K), 1 survivors (4096K)
 Metaspace       used 56034K, committed 56384K, reserved 1105920K
  class space    used 6406K, committed 6592K, reserved 1048576K
}
Event: 265.643 GC heap before
{Heap before GC invocations=68 (full 0):
 garbage-first heap   total 290816K, used 191313K [0x0000000600c00000, 0x0000000800000000)
  region size 4096K, 42 young (172032K), 1 survivors (4096K)
 Metaspace       used 56035K, committed 56384K, reserved 1105920K
  class space    used 6406K, committed 6592K, reserved 1048576K
}
Event: 265.643 GC heap after
{Heap after GC invocations=69 (full 0):
 garbage-first heap   total 290816K, used 23397K [0x0000000600c00000, 0x0000000800000000)
  region size 4096K, 1 young (4096K), 1 survivors (4096K)
 Metaspace       used 56035K, committed 56384K, reserved 1105920K
  class space    used 6406K, committed 6592K, reserved 1048576K
}
Event: 269.336 GC heap before
{Heap before GC invocations=69 (full 0):
 garbage-first heap   total 290816K, used 191333K [0x0000000600c00000, 0x0000000800000000)
  region size 4096K, 42 young (172032K), 1 survivors (4096K)
 Metaspace       used 56035K, committed 56384K, reserved 1105920K
  class space    used 6406K, committed 6592K, reserved 1048576K
}
Event: 269.337 GC heap after
{Heap after GC invocations=70 (full 0):
 garbage-first heap   total 290816K, used 23438K [0x0000000600c00000, 0x0000000800000000)
  region size 4096K, 1 young (4096K), 1 survivors (4096K)
 Metaspace       used 56035K, committed 56384K, reserved 1105920K
  class space    used 6406K, committed 6592K, reserved 1048576K
}
Event: 272.315 GC heap before
{Heap before GC invocations=70 (full 0):
 garbage-first heap   total 290816K, used 191374K [0x0000000600c00000, 0x0000000800000000)
  region size 4096K, 42 young (172032K), 1 survivors (4096K)
 Metaspace       used 56035K, committed 56384K, reserved 1105920K
  class space    used 6406K, committed 6592K, reserved 1048576K
}
Event: 272.316 GC heap after
{Heap after GC invocations=71 (full 0):
 garbage-first heap   total 290816K, used 23469K [0x0000000600c00000, 0x0000000800000000)
  region size 4096K, 1 young (4096K), 1 survivors (4096K)
 Metaspace       used 56035K, committed 56384K, reserved 1105920K
  class space    used 6406K, committed 6592K, reserved 1048576K
}

Deoptimization events (20 events):
Event: 217.139 Thread 0x0000022db679e350 DEOPT PACKING pc=0x0000022d966670bc sp=0x00000051d9dff200
Event: 217.139 Thread 0x0000022db679e350 DEOPT UNPACKING pc=0x0000022d8e35d72e sp=0x00000051d9dff0e0 mode 2
Event: 217.139 Thread 0x0000022db68569d0 Uncommon trap: trap_request=0xffffff45 fr.pc=0x0000022d966670bc relative=0x00000000000008bc
Event: 217.139 Thread 0x0000022db68569d0 Uncommon trap: reason=unstable_if action=reinterpret pc=0x0000022d966670bc method=java.util.concurrent.locks.AbstractQueuedSynchronizer.isEnqueued(Ljava/util/concurrent/locks/AbstractQueuedSynchronizer$Node;)Z @ 11 c2
Event: 217.139 Thread 0x0000022db68569d0 DEOPT PACKING pc=0x0000022d966670bc sp=0x00000051dbcff340
Event: 217.139 Thread 0x0000022db68569d0 DEOPT UNPACKING pc=0x0000022d8e35d72e sp=0x00000051dbcff220 mode 2
Event: 221.790 Thread 0x0000022db68514d0 Uncommon trap: trap_request=0xffffff45 fr.pc=0x0000022d96842ab8 relative=0x0000000000000a58
Event: 221.790 Thread 0x0000022db68514d0 Uncommon trap: reason=unstable_if action=reinterpret pc=0x0000022d96842ab8 method=java.util.concurrent.locks.AbstractQueuedSynchronizer.acquire(Ljava/util/concurrent/locks/AbstractQueuedSynchronizer$Node;IZZZJ)I @ 49 c2
Event: 221.790 Thread 0x0000022db68514d0 DEOPT PACKING pc=0x0000022d96842ab8 sp=0x00000051d9ffee00
Event: 221.790 Thread 0x0000022db68514d0 DEOPT UNPACKING pc=0x0000022d8e35d72e sp=0x00000051d9ffed88 mode 2
Event: 232.342 Thread 0x0000022db68514d0 Uncommon trap: trap_request=0xffffff45 fr.pc=0x0000022d968512dc relative=0x0000000000000d7c
Event: 232.342 Thread 0x0000022db68514d0 Uncommon trap: reason=unstable_if action=reinterpret pc=0x0000022d968512dc method=java.util.concurrent.locks.AbstractQueuedSynchronizer.acquire(Ljava/util/concurrent/locks/AbstractQueuedSynchronizer$Node;IZZZJ)I @ 99 c2
Event: 232.342 Thread 0x0000022db68514d0 DEOPT PACKING pc=0x0000022d968512dc sp=0x00000051d9ffee00
Event: 232.342 Thread 0x0000022db68514d0 DEOPT UNPACKING pc=0x0000022d8e35d72e sp=0x00000051d9ffed90 mode 2
Event: 233.187 Thread 0x0000022db679ce10 DEOPT PACKING pc=0x0000022d8f44353a sp=0x00000051db8fefc0
Event: 233.187 Thread 0x0000022db679ce10 DEOPT UNPACKING pc=0x0000022d8e35dece sp=0x00000051db8fe4f8 mode 0
Event: 260.083 Thread 0x0000022db679ce10 Uncommon trap: trap_request=0xffffff45 fr.pc=0x0000022d96663b48 relative=0x00000000000027c8
Event: 260.083 Thread 0x0000022db679ce10 Uncommon trap: reason=unstable_if action=reinterpret pc=0x0000022d96663b48 method=java.util.concurrent.locks.AbstractQueuedSynchronizer.enqueue(Ljava/util/concurrent/locks/AbstractQueuedSynchronizer$Node;)V @ 31 c2
Event: 260.083 Thread 0x0000022db679ce10 DEOPT PACKING pc=0x0000022d96663b48 sp=0x00000051db8fef40
Event: 260.083 Thread 0x0000022db679ce10 DEOPT UNPACKING pc=0x0000022d8e35d72e sp=0x00000051db8fea90 mode 2

Classes unloaded (0 events):
No events

Classes redefined (0 events):
No events

Internal exceptions (20 events):
Event: 5.965 Thread 0x0000022d8ada4ca0 Exception <a 'java/lang/NoSuchMethodError'{0x0000000603b937f8}: 'java.lang.Object java.lang.invoke.DirectMethodHandle$Holder.invokeSpecial(java.lang.Object, java.lang.Object, java.lang.Object, int, java.lang.Object, int)'> (0x0000000603b937f8) 
thrown [t:\workspace\open\src\hotspot\share\interpreter\linkResolver.cpp, line 790]
Event: 5.966 Thread 0x0000022d8ada4ca0 Exception <a 'java/lang/NoSuchMethodError'{0x0000000603b9d978}: 'void java.lang.invoke.DirectMethodHandle$Holder.invokeVirtual(java.lang.Object, java.lang.Object)'> (0x0000000603b9d978) 
thrown [t:\workspace\open\src\hotspot\share\interpreter\linkResolver.cpp, line 790]
Event: 6.185 Thread 0x0000022d8ada4ca0 Implicit null exception at 0x0000022d95f0505f to 0x0000022d95f054f8
Event: 6.185 Thread 0x0000022d8ada4ca0 Implicit null exception at 0x0000022d961a677a to 0x0000022d961a6d64
Event: 53.033 Thread 0x0000022db679e350 Implicit null exception at 0x0000022d95fdf4d0 to 0x0000022d95fdf4f7
Event: 53.084 Thread 0x0000022db679e350 Exception <a 'java/lang/reflect/InvocationTargetException'{0x0000000603528c18}> (0x0000000603528c18) 
thrown [t:\workspace\open\src\hotspot\share\runtime\reflection.cpp, line 1157]
Event: 53.106 Thread 0x0000022db679e350 Exception <a 'java/lang/NoSuchMethodError'{0x00000006035df9c0}: 'java.lang.Object java.lang.invoke.DirectMethodHandle$Holder.invokeVirtual(java.lang.Object, java.lang.Object, java.lang.Object, java.lang.Object, java.lang.Object)'> (0x00000006035df9c0) 
thrown [t:\workspace\open\src\hotspot\share\interpreter\linkResolver.cpp, line 790]
Event: 138.578 Thread 0x0000022db679d8b0 Exception <a 'java/lang/reflect/InvocationTargetException'{0x00000006208f9dc0}> (0x00000006208f9dc0) 
thrown [t:\workspace\open\src\hotspot\share\runtime\reflection.cpp, line 1157]
Event: 139.829 Thread 0x0000022db6855f30 Implicit null exception at 0x0000022d962f2356 to 0x0000022d962f23c0
Event: 142.924 Thread 0x0000022db679e8a0 Implicit null exception at 0x0000022d96039daa to 0x0000022d9603a3c4
Event: 143.073 Thread 0x0000022db68549f0 Implicit null exception at 0x0000022d95f054b8 to 0x0000022d95f05768
Event: 143.138 Thread 0x0000022db679e350 Implicit null exception at 0x0000022d95f93140 to 0x0000022d95f93458
Event: 143.703 Thread 0x0000022db679e350 Exception <a 'java/lang/reflect/InvocationTargetException'{0x0000000611845670}> (0x0000000611845670) 
thrown [t:\workspace\open\src\hotspot\share\runtime\reflection.cpp, line 1157]
Event: 144.318 Thread 0x0000022db68569d0 Exception <a 'java/lang/reflect/InvocationTargetException'{0x000000060f841148}> (0x000000060f841148) 
thrown [t:\workspace\open\src\hotspot\share\runtime\reflection.cpp, line 1157]
Event: 149.215 Thread 0x0000022db68549f0 Exception <a 'java/lang/reflect/InvocationTargetException'{0x000000062094bb58}> (0x000000062094bb58) 
thrown [t:\workspace\open\src\hotspot\share\runtime\reflection.cpp, line 1157]
Event: 156.325 Thread 0x0000022db679e8a0 Implicit null exception at 0x0000022d968019ff to 0x0000022d96802054
Event: 156.329 Thread 0x0000022db679e350 Implicit null exception at 0x0000022d968019ff to 0x0000022d96802054
Event: 156.330 Thread 0x0000022db68569d0 Implicit null exception at 0x0000022d968019ff to 0x0000022d96802054
Event: 156.332 Thread 0x0000022db6854f40 Implicit null exception at 0x0000022d968019ff to 0x0000022d96802054
Event: 174.369 Thread 0x0000022db6855f30 Exception <a 'java/lang/reflect/InvocationTargetException'{0x000000061124bf20}> (0x000000061124bf20) 
thrown [t:\workspace\open\src\hotspot\share\runtime\reflection.cpp, line 1157]

Events (20 events):
Event: 248.599 Executing  VM operation: G1CollectForAllocation
Event: 248.600 Executing  VM operation: G1CollectForAllocation done
Event: 250.770 Executing  VM operation: G1CollectForAllocation
Event: 250.771 Executing  VM operation: G1CollectForAllocation done
Event: 251.779 Executing  VM operation: Cleanup
Event: 251.779 Executing  VM operation: Cleanup done
Event: 253.173 Executing  VM operation: G1CollectForAllocation
Event: 253.174 Executing  VM operation: G1CollectForAllocation done
Event: 255.811 Executing  VM operation: G1CollectForAllocation
Event: 255.812 Executing  VM operation: G1CollectForAllocation done
Event: 258.284 Executing  VM operation: G1CollectForAllocation
Event: 258.285 Executing  VM operation: G1CollectForAllocation done
Event: 261.771 Executing  VM operation: G1CollectForAllocation
Event: 261.772 Executing  VM operation: G1CollectForAllocation done
Event: 265.643 Executing  VM operation: G1CollectForAllocation
Event: 265.643 Executing  VM operation: G1CollectForAllocation done
Event: 269.336 Executing  VM operation: G1CollectForAllocation
Event: 269.337 Executing  VM operation: G1CollectForAllocation done
Event: 272.315 Executing  VM operation: G1CollectForAllocation
Event: 272.316 Executing  VM operation: G1CollectForAllocation done


Dynamic libraries:
0x00007ff7214a0000 - 0x00007ff7214ae000 	C:\Users\Clinton\.p2\pool\plugins\org.eclipse.justj.openjdk.hotspot.jre.full.win32.x86_64_16.0.1.v20210528-1205\jre\bin\javaw.exe
0x00007ff9a21d0000 - 0x00007ff9a23c7000 	C:\Windows\SYSTEM32\ntdll.dll
0x00007ff9a1ec0000 - 0x00007ff9a1f7d000 	C:\Windows\System32\KERNEL32.DLL
0x00007ff99f8f0000 - 0x00007ff99fbbd000 	C:\Windows\System32\KERNELBASE.dll
0x00007ff99ffb0000 - 0x00007ff9a00b0000 	C:\Windows\System32\ucrtbase.dll
0x00007ff999620000 - 0x00007ff999638000 	C:\Users\Clinton\.p2\pool\plugins\org.eclipse.justj.openjdk.hotspot.jre.full.win32.x86_64_16.0.1.v20210528-1205\jre\bin\jli.dll
0x00007ff9990b0000 - 0x00007ff9990c9000 	C:\Users\Clinton\.p2\pool\plugins\org.eclipse.justj.openjdk.hotspot.jre.full.win32.x86_64_16.0.1.v20210528-1205\jre\bin\VCRUNTIME140.dll
0x00007ff9a16a0000 - 0x00007ff9a1840000 	C:\Windows\System32\USER32.dll
0x00007ff99fed0000 - 0x00007ff99fef2000 	C:\Windows\System32\win32u.dll
0x00007ff98c1b0000 - 0x00007ff98c44a000 	C:\Windows\WinSxS\amd64_microsoft.windows.common-controls_6595b64144ccf1df_6.0.19041.1110_none_60b5254171f9507e\COMCTL32.dll
0x00007ff9a2100000 - 0x00007ff9a212a000 	C:\Windows\System32\GDI32.dll
0x00007ff9a1f80000 - 0x00007ff9a201e000 	C:\Windows\System32\msvcrt.dll
0x00007ff99fd20000 - 0x00007ff99fe2b000 	C:\Windows\System32\gdi32full.dll
0x00007ff99fe30000 - 0x00007ff99fecd000 	C:\Windows\System32\msvcp_win.dll
0x00007ff9a1200000 - 0x00007ff9a1230000 	C:\Windows\System32\IMM32.DLL
0x00007ff999b90000 - 0x00007ff999b9c000 	C:\Users\Clinton\.p2\pool\plugins\org.eclipse.justj.openjdk.hotspot.jre.full.win32.x86_64_16.0.1.v20210528-1205\jre\bin\vcruntime140_1.dll
0x00007ff991800000 - 0x00007ff991891000 	C:\Users\Clinton\.p2\pool\plugins\org.eclipse.justj.openjdk.hotspot.jre.full.win32.x86_64_16.0.1.v20210528-1205\jre\bin\msvcp140.dll
0x00007ff947fd0000 - 0x00007ff948b7b000 	C:\Users\Clinton\.p2\pool\plugins\org.eclipse.justj.openjdk.hotspot.jre.full.win32.x86_64_16.0.1.v20210528-1205\jre\bin\server\jvm.dll
0x00007ff9a1850000 - 0x00007ff9a18fe000 	C:\Windows\System32\ADVAPI32.dll
0x00007ff9a1c70000 - 0x00007ff9a1d0c000 	C:\Windows\System32\sechost.dll
0x00007ff9a1970000 - 0x00007ff9a1a95000 	C:\Windows\System32\RPCRT4.dll
0x00007ff9a0230000 - 0x00007ff9a0238000 	C:\Windows\System32\PSAPI.DLL
0x00007ff98ffa0000 - 0x00007ff98ffc7000 	C:\Windows\SYSTEM32\WINMM.dll
0x00007ff999690000 - 0x00007ff99969a000 	C:\Windows\SYSTEM32\VERSION.dll
0x00007ff996fa0000 - 0x00007ff996fa9000 	C:\Windows\SYSTEM32\WSOCK32.dll
0x00007ff9a1900000 - 0x00007ff9a196b000 	C:\Windows\System32\WS2_32.dll
0x00007ff99d810000 - 0x00007ff99d822000 	C:\Windows\SYSTEM32\kernel.appcore.dll
0x00007ff98f4a0000 - 0x00007ff98f4aa000 	C:\Users\Clinton\.p2\pool\plugins\org.eclipse.justj.openjdk.hotspot.jre.full.win32.x86_64_16.0.1.v20210528-1205\jre\bin\jimage.dll
0x00007ff99a170000 - 0x00007ff99a354000 	C:\Windows\SYSTEM32\DBGHELP.DLL
0x00007ff999310000 - 0x00007ff99933c000 	C:\Windows\SYSTEM32\dbgcore.DLL
0x00007ff9a01a0000 - 0x00007ff9a0222000 	C:\Windows\System32\bcryptPrimitives.dll
0x00007ff954480000 - 0x00007ff9544a5000 	C:\Users\Clinton\.p2\pool\plugins\org.eclipse.justj.openjdk.hotspot.jre.full.win32.x86_64_16.0.1.v20210528-1205\jre\bin\java.dll
0x00007ff97d9c0000 - 0x00007ff97d9d8000 	C:\Users\Clinton\.p2\pool\plugins\org.eclipse.justj.openjdk.hotspot.jre.full.win32.x86_64_16.0.1.v20210528-1205\jre\bin\zip.dll
0x00007ff9a0670000 - 0x00007ff9a0db4000 	C:\Windows\System32\SHELL32.dll
0x00007ff99da10000 - 0x00007ff99e1a4000 	C:\Windows\SYSTEM32\windows.storage.dll
0x00007ff9a0310000 - 0x00007ff9a0664000 	C:\Windows\System32\combase.dll
0x00007ff99f350000 - 0x00007ff99f37c000 	C:\Windows\SYSTEM32\Wldp.dll
0x00007ff9a1070000 - 0x00007ff9a111d000 	C:\Windows\System32\SHCORE.dll
0x00007ff9a1d10000 - 0x00007ff9a1d65000 	C:\Windows\System32\shlwapi.dll
0x00007ff99f830000 - 0x00007ff99f84f000 	C:\Windows\SYSTEM32\profapi.dll
0x00007ff97d800000 - 0x00007ff97d819000 	C:\Users\Clinton\.p2\pool\plugins\org.eclipse.justj.openjdk.hotspot.jre.full.win32.x86_64_16.0.1.v20210528-1205\jre\bin\net.dll
0x00007ff998db0000 - 0x00007ff998eba000 	C:\Windows\SYSTEM32\WINHTTP.dll
0x00007ff99f030000 - 0x00007ff99f09a000 	C:\Windows\system32\mswsock.dll
0x00007ff97ccd0000 - 0x00007ff97cce3000 	C:\Users\Clinton\.p2\pool\plugins\org.eclipse.justj.openjdk.hotspot.jre.full.win32.x86_64_16.0.1.v20210528-1205\jre\bin\nio.dll
0x00007ff98f310000 - 0x00007ff98f320000 	C:\Users\Clinton\.p2\pool\plugins\org.eclipse.justj.openjdk.hotspot.jre.full.win32.x86_64_16.0.1.v20210528-1205\jre\bin\verify.dll
0x00007ff99af00000 - 0x00007ff99af09000 	C:\Users\Clinton\.p2\pool\plugins\org.eclipse.justj.openjdk.hotspot.jre.full.win32.x86_64_16.0.1.v20210528-1205\jre\bin\management.dll
0x00007ff99add0000 - 0x00007ff99addb000 	C:\Users\Clinton\.p2\pool\plugins\org.eclipse.justj.openjdk.hotspot.jre.full.win32.x86_64_16.0.1.v20210528-1205\jre\bin\management_ext.dll
0x00007ff990e10000 - 0x00007ff990e27000 	C:\Windows\system32\napinsp.dll
0x00007ff990df0000 - 0x00007ff990e0b000 	C:\Windows\system32\pnrpnsp.dll
0x00007ff990dd0000 - 0x00007ff990de5000 	C:\Windows\system32\wshbth.dll
0x00007ff99adb0000 - 0x00007ff99adcd000 	C:\Windows\system32\NLAapi.dll
0x00007ff99ed30000 - 0x00007ff99ed6b000 	C:\Windows\SYSTEM32\IPHLPAPI.DLL
0x00007ff99ed70000 - 0x00007ff99ee3b000 	C:\Windows\SYSTEM32\DNSAPI.dll
0x00007ff9a0f70000 - 0x00007ff9a0f78000 	C:\Windows\System32\NSI.dll
0x00007ff990db0000 - 0x00007ff990dc2000 	C:\Windows\System32\winrnr.dll
0x00007ff9985c0000 - 0x00007ff9985ca000 	C:\Windows\System32\rasadhlp.dll
0x00007ff9981e0000 - 0x00007ff998260000 	C:\Windows\System32\fwpuclnt.dll
0x00007ff9a0100000 - 0x00007ff9a0127000 	C:\Windows\System32\bcrypt.dll
0x00007ff99f2a0000 - 0x00007ff99f2b8000 	C:\Windows\SYSTEM32\CRYPTSP.dll
0x00007ff99e9c0000 - 0x00007ff99e9f4000 	C:\Windows\system32\rsaenh.dll
0x00007ff99f7f0000 - 0x00007ff99f81e000 	C:\Windows\SYSTEM32\USERENV.dll
0x00007ff99f2c0000 - 0x00007ff99f2cc000 	C:\Windows\SYSTEM32\CRYPTBASE.dll
0x00007ff99a4a0000 - 0x00007ff99a4b7000 	C:\Windows\SYSTEM32\dhcpcsvc6.DLL
0x00007ff99a360000 - 0x00007ff99a37d000 	C:\Windows\SYSTEM32\dhcpcsvc.DLL
0x00007ff99af10000 - 0x00007ff99af1e000 	C:\Users\Clinton\.p2\pool\plugins\org.eclipse.justj.openjdk.hotspot.jre.full.win32.x86_64_16.0.1.v20210528-1205\jre\bin\sunmscapi.dll
0x00007ff99fbc0000 - 0x00007ff99fd16000 	C:\Windows\System32\CRYPT32.dll
0x00007ff99f3c0000 - 0x00007ff99f3e7000 	C:\Windows\SYSTEM32\ncrypt.dll
0x00007ff99f380000 - 0x00007ff99f3bb000 	C:\Windows\SYSTEM32\NTASN1.dll
0x00007ff999260000 - 0x00007ff999267000 	C:\Windows\system32\wshunix.dll

dbghelp: loaded successfully - version: 4.0.5 - missing functions: none
symbol engine: initialized successfully - sym options: 0x614 - pdb path: .;C:\Users\Clinton\.p2\pool\plugins\org.eclipse.justj.openjdk.hotspot.jre.full.win32.x86_64_16.0.1.v20210528-1205\jre\bin;C:\Windows\SYSTEM32;C:\Windows\WinSxS\amd64_microsoft.windows.common-controls_6595b64144ccf1df_6.0.19041.1110_none_60b5254171f9507e;C:\Users\Clinton\.p2\pool\plugins\org.eclipse.justj.openjdk.hotspot.jre.full.win32.x86_64_16.0.1.v20210528-1205\jre\bin\server

VM Arguments:
jvm_args: -Dfile.encoding=UTF-8 -XX:+ShowCodeDetailsInExceptionMessages 
java_command: com.bitcoinprice.analytics.DemoApplication
java_class_path (initial): C:\Users\Clinton\Documents\GitHub\MastersProject\Analytics\target\classes;C:\Users\Clinton\.m2\repository\org\springframework\boot\spring-boot-starter\2.5.4\spring-boot-starter-2.5.4.jar;C:\Users\Clinton\.m2\repository\org\springframework\boot\spring-boot\2.5.4\spring-boot-2.5.4.jar;C:\Users\Clinton\.m2\repository\org\springframework\boot\spring-boot-autoconfigure\2.5.4\spring-boot-autoconfigure-2.5.4.jar;C:\Users\Clinton\.m2\repository\org\springframework\boot\spring-boot-starter-logging\2.5.4\spring-boot-starter-logging-2.5.4.jar;C:\Users\Clinton\.m2\repository\ch\qos\logback\logback-classic\1.2.5\logback-classic-1.2.5.jar;C:\Users\Clinton\.m2\repository\ch\qos\logback\logback-core\1.2.5\logback-core-1.2.5.jar;C:\Users\Clinton\.m2\repository\org\apache\logging\log4j\log4j-to-slf4j\2.14.1\log4j-to-slf4j-2.14.1.jar;C:\Users\Clinton\.m2\repository\org\apache\logging\log4j\log4j-api\2.14.1\log4j-api-2.14.1.jar;C:\Users\Clinton\.m2\repository\org\slf4j\jul-to-slf4j\1.7.32\jul-to-slf4j-1.7.32.jar;C:\Users\Clinton\.m2\repository\jakarta\annotation\jakarta.annotation-api\1.3.5\jakarta.annotation-api-1.3.5.jar;C:\Users\Clinton\.m2\repository\org\springframework\spring-core\5.3.9\spring-core-5.3.9.jar;C:\Users\Clinton\.m2\repository\org\springframework\spring-jcl\5.3.9\spring-jcl-5.3.9.jar;C:\Users\Clinton\.m2\repository\org\yaml\snakeyaml\1.28\snakeyaml-1.28.jar;C:\Users\Clinton\.m2\repository\net\bytebuddy\byte-buddy\1.10.22\byte-buddy-1.10.22.jar;C:\Users\Clinton\.m2\repository\org\springframework\boot\spring-boot-starter-web\2.5.4\spring-boot-starter-web-2.5.4.jar;C:\Users\Clinton\.m2\repository\org\springframework\boot\spring-boot-starter-json\2.5.4\spring-boot-starter-json-2.5.4.jar;C:\Users\Clinton\.m2\repository\com\fasterxml\jackson\datatype\jackson-datatype-jdk8\2.12.4\jackson-datatype-jdk8-2.12.4.jar;C:\Users\Clinton\.m2\repository\com\fasterxml\jackson\datatype\jackson-datatype-jsr310\2.12.4\jackson-datatype-jsr310-2.12.4.jar;C:\User
Launcher Type: SUN_STANDARD

[Global flags]
     intx CICompilerCount                          = 12                                        {product} {ergonomic}
     uint ConcGCThreads                            = 3                                         {product} {ergonomic}
     uint G1ConcRefinementThreads                  = 13                                        {product} {ergonomic}
   size_t G1HeapRegionSize                         = 4194304                                   {product} {ergonomic}
    uintx GCDrainStackTargetSize                   = 64                                        {product} {ergonomic}
   size_t InitialHeapSize                          = 536870912                                 {product} {ergonomic}
   size_t MarkStackSize                            = 4194304                                   {product} {ergonomic}
   size_t MaxHeapSize                              = 8577351680                                {product} {ergonomic}
   size_t MaxNewSize                               = 5146411008                                {product} {ergonomic}
   size_t MinHeapDeltaBytes                        = 4194304                                   {product} {ergonomic}
   size_t MinHeapSize                              = 8388608                                   {product} {ergonomic}
    uintx NonNMethodCodeHeapSize                   = 7602480                                {pd product} {ergonomic}
    uintx NonProfiledCodeHeapSize                  = 122027880                              {pd product} {ergonomic}
    uintx ProfiledCodeHeapSize                     = 122027880                              {pd product} {ergonomic}
    uintx ReservedCodeCacheSize                    = 251658240                              {pd product} {ergonomic}
     bool SegmentedCodeCache                       = true                                      {product} {ergonomic}
     bool ShowCodeDetailsInExceptionMessages       = true                                   {manageable} {command line}
   size_t SoftMaxHeapSize                          = 8577351680                             {manageable} {ergonomic}
     bool UseCompressedClassPointers               = true                           {product lp64_product} {ergonomic}
     bool UseCompressedOops                        = true                           {product lp64_product} {ergonomic}
     bool UseG1GC                                  = true                                      {product} {ergonomic}
     bool UseLargePagesIndividualAllocation        = false                                  {pd product} {ergonomic}

Logging:
Log output configuration:
 #0: stdout all=warning uptime,level,tags
 #1: stderr all=off uptime,level,tags

Environment Variables:
PATH=C:/Users/Clinton/.p2/pool/plugins/org.eclipse.justj.openjdk.hotspot.jre.full.win32.x86_64_16.0.1.v20210528-1205/jre/bin/server;C:/Users/Clinton/.p2/pool/plugins/org.eclipse.justj.openjdk.hotspot.jre.full.win32.x86_64_16.0.1.v20210528-1205/jre/bin;C:\Program Files (x86)\Common Files\Oracle\Java\javapath;C:\Windows\system32;C:\Windows;C:\Windows\System32\Wbem;C:\Windows\System32\WindowsPowerShell\v1.0\;C:\Windows\System32\OpenSSH\;C:\MinGW\bin;C:\Program Files\nodejs\;C:\Users\Clinton\AppData\Local\Microsoft\WindowsApps;C:\Users\Clinton\AppData\Local\GitHubDesktop\bin;C:\Users\Clinton\AppData\Local\Programs\Microsoft VS Code\bin;C:\Users\Clinton\AppData\Roaming\npm;C:\Users\Clinton\eclipse\java-2021-062\eclipse;
USERNAME=Clinton
OS=Windows_NT
PROCESSOR_IDENTIFIER=AMD64 Family 23 Model 1 Stepping 1, AuthenticAMD



---------------  S Y S T E M  ---------------

OS:
 Windows 10 , 64 bit Build 19041 (10.0.19041.1741)
OS uptime: 5 days 1:45 hours

CPU: total 16 (initial active 16) (16 cores per cpu, 2 threads per core) family 23 model 1 stepping 1 microcode 0x0, cx8, cmov, fxsr, ht, mmx, 3dnowpref, sse, sse2, sse3, ssse3, sse4a, sse4.1, sse4.2, popcnt, lzcnt, tsc, tscinvbit, avx, avx2, aes, clmul, bmi1, bmi2, adx, sha, fma, vzeroupper, clflush, clflushopt

Memory: 4k page, system-wide physical 32714M (20552M free)
TotalPageFile size 62330M (AvailPageFile size 5M)
current process WorkingSet (physical memory assigned to process): 382M, peak: 443M
current process commit charge ("private bytes"): 502M, peak: 661M

vm_info: OpenJDK 64-Bit Server VM (16.0.1+9-24) for windows-amd64 JRE (16.0.1+9-24), built on Mar 26 2021 19:30:07 by "mach5one" with MS VC++ 16.7 (VS2019)

END.
